<?xml version="1.0" encoding="UTF-8"?>
<coverage generated="1520225053763" clover="3.2.0">
  <project timestamp="1520225053763" name="All files">
    <metrics statements="18" coveredstatements="18" conditionals="10" coveredconditionals="10" methods="4" coveredmethods="4" elements="32" coveredelements="32" complexity="0" loc="18" ncloc="18" packages="1" files="1" classes="1">
      <file name="clipboard.jsx" path="/Users/jgrim/projects/react-copy/src/clipboard.jsx">
        <metrics statements="18" coveredstatements="18" conditionals="10" coveredconditionals="10" methods="4" coveredmethods="4"/>
        <line num="6" count="1" type="stmt"/>
        <line num="15" count="13" type="stmt"/>
        <line num="17" count="13" type="stmt"/>
        <line num="18" count="3" type="stmt"/>
        <line num="19" count="3" type="stmt"/>
        <line num="20" count="3" type="stmt"/>
        <line num="24" count="6" type="cond" truecount="2" falsecount="0"/>
        <line num="25" count="1" type="stmt"/>
        <line num="28" count="5" type="cond" truecount="4" falsecount="0"/>
        <line num="29" count="1" type="stmt"/>
        <line num="32" count="4" type="stmt"/>
        <line num="38" count="13" type="cond" truecount="2" falsecount="0"/>
        <line num="39" count="3" type="stmt"/>
        <line num="42" count="10" type="cond" truecount="2" falsecount="0"/>
        <line num="43" count="3" type="stmt"/>
        <line num="44" count="3" type="stmt"/>
        <line num="47" count="7" type="stmt"/>
        <line num="54" count="1" type="stmt"/>
      </file>
    </metrics>
  </project>
</coverage>
