<?xml version="1.0" encoding="UTF-8"?>
<coverage generated="1539980751835" clover="3.2.0">
  <project timestamp="1539980751835" name="All files">
    <metrics statements="29" coveredstatements="27" conditionals="23" coveredconditionals="21" methods="7" coveredmethods="6" elements="59" coveredelements="54" complexity="0" loc="29" ncloc="29" packages="1" files="1" classes="1">
      <file name="clipboard.jsx" path="/Users/jgrim/projects/react-clipboard-polyfill/src/clipboard.jsx">
        <metrics statements="29" coveredstatements="27" conditionals="23" coveredconditionals="21" methods="7" coveredmethods="6"/>
        <line num="6" count="1" type="stmt"/>
        <line num="17" count="16" type="stmt"/>
        <line num="18" count="3" type="cond" truecount="4" falsecount="0"/>
        <line num="19" count="1" type="stmt"/>
        <line num="23" count="16" type="stmt"/>
        <line num="25" count="16" type="stmt"/>
        <line num="27" count="16" type="stmt"/>
        <line num="28" count="4" type="stmt"/>
        <line num="31" count="16" type="stmt"/>
        <line num="32" count="7" type="cond" truecount="7" falsecount="0"/>
        <line num="33" count="4" type="stmt"/>
        <line num="39" count="3" type="cond" truecount="2" falsecount="0"/>
        <line num="40" count="1" type="stmt"/>
        <line num="43" count="2" type="cond" truecount="1" falsecount="1"/>
        <line num="44" count="0" type="stmt"/>
        <line num="45" count="0" type="stmt"/>
        <line num="49" count="2" type="cond" truecount="3" falsecount="1"/>
        <line num="50" count="2" type="stmt"/>
        <line num="53" count="2" type="stmt"/>
        <line num="56" count="16" type="stmt"/>
        <line num="57" count="2" type="stmt"/>
        <line num="60" count="16" type="cond" truecount="2" falsecount="0"/>
        <line num="61" count="4" type="stmt"/>
        <line num="64" count="12" type="cond" truecount="2" falsecount="0"/>
        <line num="65" count="4" type="stmt"/>
        <line num="66" count="4" type="stmt"/>
        <line num="71" count="8" type="stmt"/>
        <line num="78" count="1" type="stmt"/>
        <line num="94" count="1" type="stmt"/>
      </file>
    </metrics>
  </project>
</coverage>
