{"/Users/jgrim/projects/react-copy/src/clipboard.jsx": {"path":"/Users/jgrim/projects/react-copy/src/clipboard.jsx","statementMap":{"0":{"start":{"line":6,"column":18},"end":{"line":52,"column":1}},"1":{"start":{"line":15,"column":19},"end":{"line":15,"column":52}},"2":{"start":{"line":15,"column":27},"end":{"line":15,"column":52}},"3":{"start":{"line":17,"column":19},"end":{"line":21,"column":3}},"4":{"start":{"line":18,"column":15},"end":{"line":18,"column":33}},"5":{"start":{"line":19,"column":4},"end":{"line":19,"column":31}},"6":{"start":{"line":20,"column":4},"end":{"line":20,"column":31}},"7":{"start":{"line":24,"column":4},"end":{"line":26,"column":5}},"8":{"start":{"line":25,"column":6},"end":{"line":25,"column":28}},"9":{"start":{"line":28,"column":4},"end":{"line":30,"column":5}},"10":{"start":{"line":29,"column":6},"end":{"line":29,"column":38}},"11":{"start":{"line":32,"column":4},"end":{"line":35,"column":6}},"12":{"start":{"line":38,"column":2},"end":{"line":40,"column":3}},"13":{"start":{"line":39,"column":4},"end":{"line":39,"column":52}},"14":{"start":{"line":42,"column":2},"end":{"line":45,"column":3}},"15":{"start":{"line":43,"column":22},"end":{"line":43,"column":31}},"16":{"start":{"line":44,"column":4},"end":{"line":44,"column":76}},"17":{"start":{"line":47,"column":2},"end":{"line":51,"column":4}},"18":{"start":{"line":54,"column":0},"end":{"line":61,"column":2}}},"fnMap":{"0":{"name":"(anonymous_0)","decl":{"start":{"line":6,"column":18},"end":{"line":6,"column":19}},"loc":{"start":{"line":14,"column":6},"end":{"line":52,"column":1}},"line":14},"1":{"name":"(anonymous_1)","decl":{"start":{"line":15,"column":19},"end":{"line":15,"column":20}},"loc":{"start":{"line":15,"column":27},"end":{"line":15,"column":52}},"line":15},"2":{"name":"(anonymous_2)","decl":{"start":{"line":17,"column":19},"end":{"line":17,"column":20}},"loc":{"start":{"line":17,"column":39},"end":{"line":21,"column":3}},"line":17},"3":{"name":"handleClick","decl":{"start":{"line":23,"column":11},"end":{"line":23,"column":22}},"loc":{"start":{"line":23,"column":25},"end":{"line":36,"column":3}},"line":23}},"branchMap":{"0":{"loc":{"start":{"line":24,"column":4},"end":{"line":26,"column":5}},"type":"if","locations":[{"start":{"line":24,"column":4},"end":{"line":26,"column":5}},{"start":{"line":24,"column":4},"end":{"line":26,"column":5}}],"line":24},"1":{"loc":{"start":{"line":28,"column":4},"end":{"line":30,"column":5}},"type":"if","locations":[{"start":{"line":28,"column":4},"end":{"line":30,"column":5}},{"start":{"line":28,"column":4},"end":{"line":30,"column":5}}],"line":28},"2":{"loc":{"start":{"line":28,"column":8},"end":{"line":28,"column":24}},"type":"binary-expr","locations":[{"start":{"line":28,"column":8},"end":{"line":28,"column":12}},{"start":{"line":28,"column":16},"end":{"line":28,"column":24}}],"line":28},"3":{"loc":{"start":{"line":38,"column":2},"end":{"line":40,"column":3}},"type":"if","locations":[{"start":{"line":38,"column":2},"end":{"line":40,"column":3}},{"start":{"line":38,"column":2},"end":{"line":40,"column":3}}],"line":38},"4":{"loc":{"start":{"line":42,"column":2},"end":{"line":45,"column":3}},"type":"if","locations":[{"start":{"line":42,"column":2},"end":{"line":45,"column":3}},{"start":{"line":42,"column":2},"end":{"line":45,"column":3}}],"line":42}},"s":{"0":1,"1":13,"2":3,"3":13,"4":3,"5":3,"6":3,"7":6,"8":1,"9":5,"10":1,"11":4,"12":13,"13":3,"14":10,"15":3,"16":3,"17":7,"18":1},"f":{"0":13,"1":3,"2":3,"3":6},"b":{"0":[1,5],"1":[1,4],"2":[5,3],"3":[3,10],"4":[3,7]},"_coverageSchema":"332fd63041d2c1bcb487cc26dd0d5f7d97098a6c","hash":"c879fa3e5fa3abf53f3539ceee4cc021fea169e7"}
}
