TN:
SF:/Users/jgrim/projects/react-clipboard-polyfill/src/clipboard.jsx
FN:6,(anonymous_0)
FN:7,(anonymous_1)
FN:13,(anonymous_2)
FN:15,(anonymous_3)
FN:21,(anonymous_4)
FNF:5
FNH:5
FNDA:14,(anonymous_0)
FNDA:3,(anonymous_1)
FNDA:3,(anonymous_2)
FNDA:4,(anonymous_3)
FNDA:7,(anonymous_4)
DA:6,1
DA:7,14
DA:8,3
DA:9,1
DA:13,14
DA:15,14
DA:16,4
DA:17,4
DA:18,4
DA:21,14
DA:22,7
DA:23,1
DA:26,6
DA:27,2
DA:30,4
DA:36,14
DA:37,3
DA:40,11
DA:41,3
DA:42,3
DA:45,8
DA:52,1
LF:22
LH:22
BRDA:8,0,0,1
BRDA:8,0,1,2
BRDA:8,1,0,3
BRDA:8,1,1,1
BRDA:22,2,0,1
BRDA:22,2,1,6
BRDA:26,3,0,2
BRDA:26,3,1,4
BRDA:26,4,0,6
BRDA:26,4,1,4
BRDA:36,5,0,3
BRDA:36,5,1,11
BRDA:40,6,0,3
BRDA:40,6,1,8
BRF:14
BRH:14
end_of_record
