TN:
SF:/Users/jgrim/projects/react-clipboard-polyfill/src/clipboard.jsx
FN:6,(anonymous_0)
FN:17,(anonymous_1)
FN:25,(anonymous_2)
FN:27,(anonymous_3)
FN:31,(anonymous_4)
FN:44,(anonymous_5)
FN:56,(anonymous_6)
FNF:7
FNH:6
FNDA:16,(anonymous_0)
FNDA:3,(anonymous_1)
FNDA:3,(anonymous_2)
FNDA:4,(anonymous_3)
FNDA:7,(anonymous_4)
FNDA:0,(anonymous_5)
FNDA:2,(anonymous_6)
DA:6,1
DA:17,16
DA:18,3
DA:19,1
DA:23,16
DA:25,16
DA:27,16
DA:28,4
DA:31,16
DA:32,7
DA:33,4
DA:39,3
DA:40,1
DA:43,2
DA:44,0
DA:45,0
DA:49,2
DA:50,2
DA:53,2
DA:56,16
DA:57,2
DA:60,16
DA:61,4
DA:64,12
DA:65,4
DA:66,4
DA:71,8
DA:78,1
DA:94,1
LF:29
LH:27
BRDA:18,0,0,1
BRDA:18,0,1,2
BRDA:18,1,0,3
BRDA:18,1,1,1
BRDA:32,2,0,4
BRDA:32,2,1,3
BRDA:32,3,0,7
BRDA:32,3,1,5
BRDA:32,3,2,5
BRDA:32,4,0,7
BRDA:32,4,1,4
BRDA:39,5,0,1
BRDA:39,5,1,2
BRDA:43,6,0,0
BRDA:43,6,1,2
BRDA:49,7,0,2
BRDA:49,7,1,0
BRDA:49,8,0,2
BRDA:49,8,1,2
BRDA:60,9,0,4
BRDA:60,9,1,12
BRDA:64,10,0,4
BRDA:64,10,1,8
BRF:23
BRH:21
end_of_record
